<?xml version="1.0" encoding="UTF-8"?>
<testng-results skipped="0" failed="0" total="2" passed="2">
  <reporter-output>
  </reporter-output>
  <suite name="Suite" duration-ms="39" started-at="2021-06-14T13:19:12Z" finished-at="2021-06-14T13:19:12Z">
    <groups>
    </groups>
    <test name="Test" duration-ms="39" started-at="2021-06-14T13:19:12Z" finished-at="2021-06-14T13:19:12Z">
      <class name="Test.MavenTest1">
        <test-method status="PASS" signature="f(java.lang.Integer, java.lang.String)[pri:0, instance:Test.MavenTest1@1b7dea0]" name="f" duration-ms="11" started-at="2021-06-14T18:49:12Z" data-provider="dp" finished-at="2021-06-14T18:49:12Z">
          <params>
            <param index="0">
              <value>
                <![CDATA[1]]>
              </value>
            </param>
            <param index="1">
              <value>
                <![CDATA[a]]>
              </value>
            </param>
          </params>
          <reporter-output>
          </reporter-output>
        </test-method> <!-- f -->
        <test-method status="PASS" signature="f(java.lang.Integer, java.lang.String)[pri:0, instance:Test.MavenTest1@1b7dea0]" name="f" duration-ms="0" started-at="2021-06-14T18:49:12Z" data-provider="dp" finished-at="2021-06-14T18:49:12Z">
          <params>
            <param index="0">
              <value>
                <![CDATA[2]]>
              </value>
            </param>
            <param index="1">
              <value>
                <![CDATA[b]]>
              </value>
            </param>
          </params>
          <reporter-output>
          </reporter-output>
        </test-method> <!-- f -->
      </class> <!-- Test.MavenTest1 -->
    </test> <!-- Test -->
  </suite> <!-- Suite -->
</testng-results>
